{
  "RSpec": {
    "coverage": {
      "/home/igor/Рабочий стол/jetruby-practice/Final Project/instaclone/app/models/user.rb": {
        "lines": [
          1,
          null,
          null,
          null,
          null,
          null,
          1,
          null,
          1,
          null,
          1,
          1,
          1,
          null,
          1,
          null,
          null,
          1,
          1,
          1,
          1,
          null,
          1,
          1,
          null,
          1,
          1,
          null,
          1,
          null,
          null,
          1,
          14,
          null,
          null,
          1,
          3,
          null,
          null,
          1,
          4,
          null,
          null,
          null
        ]
      },
      "/home/igor/Рабочий стол/jetruby-practice/Final Project/instaclone/app/models/application_record.rb": {
        "lines": [
          1,
          1,
          null
        ]
      },
      "/home/igor/Рабочий стол/jetruby-practice/Final Project/instaclone/app/helpers/application_helper.rb": {
        "lines": [
          1,
          null
        ]
      },
      "/home/igor/Рабочий стол/jetruby-practice/Final Project/instaclone/app/helpers/comments_helper.rb": {
        "lines": [
          1,
          null
        ]
      },
      "/home/igor/Рабочий стол/jetruby-practice/Final Project/instaclone/app/helpers/likes_helper.rb": {
        "lines": [
          1,
          null
        ]
      },
      "/home/igor/Рабочий стол/jetruby-practice/Final Project/instaclone/app/helpers/posts_helper.rb": {
        "lines": [
          1,
          null
        ]
      },
      "/home/igor/Рабочий стол/jetruby-practice/Final Project/instaclone/app/helpers/progress_helper.rb": {
        "lines": [
          1,
          null
        ]
      },
      "/home/igor/Рабочий стол/jetruby-practice/Final Project/instaclone/app/helpers/relationships_helper.rb": {
        "lines": [
          1,
          null
        ]
      },
      "/home/igor/Рабочий стол/jetruby-practice/Final Project/instaclone/app/helpers/stories_helper.rb": {
        "lines": [
          1,
          null
        ]
      },
      "/home/igor/Рабочий стол/jetruby-practice/Final Project/instaclone/app/helpers/users_helper.rb": {
        "lines": [
          1,
          null
        ]
      },
      "/home/igor/Рабочий стол/jetruby-practice/Final Project/instaclone/app/controllers/comments_controller.rb": {
        "lines": [
          1,
          1,
          3,
          3,
          3,
          null,
          3,
          2,
          null,
          1,
          null,
          null,
          null,
          1,
          5,
          5,
          null,
          5,
          2,
          2,
          null,
          3,
          null,
          null,
          null,
          1,
          null,
          1,
          3,
          null,
          null,
          1,
          0,
          null,
          null,
          null,
          null
        ]
      },
      "/home/igor/Рабочий стол/jetruby-practice/Final Project/instaclone/app/controllers/application_controller.rb": {
        "lines": [
          1,
          1,
          1,
          null
        ]
      },
      "/home/igor/Рабочий стол/jetruby-practice/Final Project/instaclone/app/controllers/likes_controller.rb": {
        "lines": [
          1,
          1,
          1,
          null,
          1,
          1,
          1,
          null,
          0,
          null,
          null,
          1,
          null,
          null,
          null,
          1,
          4,
          2,
          null,
          2,
          null,
          4,
          null,
          null,
          1,
          null,
          1,
          5,
          null,
          null,
          1,
          4,
          4,
          0,
          0,
          null,
          null,
          null,
          null,
          1,
          5,
          null,
          null
        ]
      },
      "/home/igor/Рабочий стол/jetruby-practice/Final Project/instaclone/app/controllers/posts_controller.rb": {
        "lines": [
          1,
          1,
          1,
          null,
          1,
          3,
          1,
          null,
          2,
          null,
          null,
          null,
          1,
          1,
          null,
          null,
          1,
          2,
          null,
          2,
          2,
          null,
          0,
          null,
          null,
          null,
          1,
          null,
          null,
          null,
          1,
          4,
          2,
          null,
          2,
          null,
          null,
          null,
          1,
          null,
          null,
          null,
          1,
          null,
          null,
          5,
          null,
          5,
          3,
          3,
          null,
          null,
          3,
          1,
          null,
          2,
          null,
          null,
          2,
          2,
          null,
          null,
          null,
          null,
          null,
          1,
          null,
          1,
          11,
          null,
          null,
          1,
          6,
          null,
          null
        ]
      },
      "/home/igor/Рабочий стол/jetruby-practice/Final Project/instaclone/app/controllers/progress_controller.rb": {
        "lines": [
          1,
          1,
          2,
          2,
          2,
          null,
          0,
          null,
          null,
          null,
          null
        ]
      },
      "/home/igor/Рабочий стол/jetruby-practice/Final Project/instaclone/app/controllers/relationships_controller.rb": {
        "lines": [
          1,
          1,
          1,
          null,
          1,
          1,
          1,
          1,
          null,
          0,
          0,
          null,
          null,
          null,
          1,
          1,
          null,
          1,
          1,
          1,
          1,
          null,
          0,
          0,
          null,
          null,
          null
        ]
      },
      "/home/igor/Рабочий стол/jetruby-practice/Final Project/instaclone/app/controllers/stories_controller.rb": {
        "lines": [
          1,
          1,
          1,
          null,
          1,
          3,
          2,
          null,
          1,
          null,
          null,
          null,
          null,
          1,
          2,
          null,
          null,
          1,
          4,
          4,
          2,
          null,
          2,
          null,
          null,
          null,
          1,
          null,
          null,
          null,
          1,
          2,
          2,
          null,
          null,
          1,
          null,
          1,
          5,
          null,
          null,
          1,
          4,
          null,
          null
        ]
      },
      "/home/igor/Рабочий стол/jetruby-practice/Final Project/instaclone/app/controllers/users_controller.rb": {
        "lines": [
          1,
          1,
          1,
          null,
          1,
          1,
          null,
          null,
          1,
          3,
          null,
          null,
          1,
          2,
          null,
          null,
          1,
          2,
          null,
          null,
          1,
          4,
          null,
          4,
          2,
          null,
          2,
          2,
          0,
          null,
          4,
          null,
          null,
          null,
          null,
          1,
          2,
          2,
          2,
          null,
          null,
          1,
          2,
          1,
          null,
          1,
          null,
          null,
          null,
          1,
          2,
          2,
          null,
          null,
          1,
          2,
          2,
          null,
          null,
          1,
          null,
          1,
          16,
          null,
          null,
          1,
          4,
          null,
          null,
          1,
          6,
          6,
          0,
          null,
          null,
          null,
          null
        ]
      },
      "/home/igor/Рабочий стол/jetruby-practice/Final Project/instaclone/app/models/post.rb": {
        "lines": [
          1,
          1,
          1,
          1,
          1,
          1,
          1,
          null
        ]
      },
      "/home/igor/Рабочий стол/jetruby-practice/Final Project/instaclone/app/models/comment.rb": {
        "lines": [
          1,
          1,
          1,
          1,
          null
        ]
      },
      "/home/igor/Рабочий стол/jetruby-practice/Final Project/instaclone/app/models/like.rb": {
        "lines": [
          1,
          1,
          1,
          null
        ]
      },
      "/home/igor/Рабочий стол/jetruby-practice/Final Project/instaclone/app/models/relationship.rb": {
        "lines": [
          1,
          null,
          1,
          1,
          null,
          null
        ]
      },
      "/home/igor/Рабочий стол/jetruby-practice/Final Project/instaclone/app/models/story.rb": {
        "lines": [
          1,
          1,
          1,
          null
        ]
      }
    },
    "timestamp": 1695935149
  }
}
